  Compiling CUDA source file kernel.cu...
  
  C:\Users\jarom\Desktop\parallel_processing\cuda_project\cuda_project>"C:\Program Files\NVIDIA GPU Computing Toolkit\CUDA\v12.5\bin\nvcc.exe" -gencode=arch=compute_52,code=\"sm_52,compute_52\" --use-local-env -ccbin "C:\Program Files\Microsoft Visual Studio\2022\Community\VC\Tools\MSVC\14.35.32215\bin\HostX64\x64" -x cu   -I"C:\Program Files\NVIDIA GPU Computing Toolkit\CUDA\v12.5\include" -I"C:\Program Files\NVIDIA GPU Computing Toolkit\CUDA\v12.5\include"  -G   --keep-dir x64\Debug  -maxrregcount=0   --machine 64 --compile -cudart static  -g  -DWIN32 -DWIN64 -D_DEBUG -D_CONSOLE -D_MBCS -Xcompiler "/EHsc /W3 /nologo /Od /FS /Zi /RTC1 /MDd " -Xcompiler "/Fdx64\Debug\vc143.pdb" -o C:\Users\jarom\Desktop\parallel_processing\cuda_project\cuda_project\x64\Debug\kernel.cu.obj "C:\Users\jarom\Desktop\parallel_processing\cuda_project\cuda_project\kernel.cu" 
C:\opencv\build\include\opencv2/stitching/detail/warpers.hpp(235): warning #611-D: overloaded virtual function "cv::detail::PlaneWarper::buildMaps" is only partially overridden in class "cv::detail::AffineWarper"
    class  AffineWarper : public PlaneWarper
           ^
  
  Remark: The warnings can be suppressed with "-diag-suppress <warning-number>"
  
C:\opencv\build\include\opencv2/stitching/detail/warpers.hpp(235): warning #611-D: overloaded virtual function "cv::detail::PlaneWarper::warp" is only partially overridden in class "cv::detail::AffineWarper"
    class  AffineWarper : public PlaneWarper
           ^
  
C:\opencv\build\include\opencv2/stitching/detail/matchers.hpp(182): warning #611-D: overloaded virtual function "cv::detail::FeaturesMatcher::match" is only partially overridden in class "cv::detail::BestOf2NearestMatcher"
    class  BestOf2NearestMatcher : public FeaturesMatcher
           ^
  
C:\opencv\build\include\opencv2/stitching/detail/matchers.hpp(236): warning #611-D: overloaded virtual function "cv::detail::FeaturesMatcher::match" is only partially overridden in class "cv::detail::AffineBestOf2NearestMatcher"
    class  AffineBestOf2NearestMatcher : public BestOf2NearestMatcher
           ^
  
C:\opencv\build\include\opencv2/stitching/detail/blenders.hpp(100): warning #611-D: overloaded virtual function "cv::detail::Blender::prepare" is only partially overridden in class "cv::detail::FeatherBlender"
    class  FeatherBlender : public Blender
           ^
  
C:\opencv\build\include\opencv2/stitching/detail/blenders.hpp(127): warning #611-D: overloaded virtual function "cv::detail::Blender::prepare" is only partially overridden in class "cv::detail::MultiBandBlender"
    class  MultiBandBlender : public Blender
           ^
  
C:\opencv\build\include\opencv2/stitching/detail/warpers.hpp(235): warning #611-D: overloaded virtual function "cv::detail::PlaneWarper::buildMaps" is only partially overridden in class "cv::detail::AffineWarper"
    class  AffineWarper : public PlaneWarper
           ^
  
  Remark: The warnings can be suppressed with "-diag-suppress <warning-number>"
  
C:\opencv\build\include\opencv2/stitching/detail/warpers.hpp(235): warning #611-D: overloaded virtual function "cv::detail::PlaneWarper::warp" is only partially overridden in class "cv::detail::AffineWarper"
    class  AffineWarper : public PlaneWarper
           ^
  
C:\opencv\build\include\opencv2/stitching/detail/matchers.hpp(182): warning #611-D: overloaded virtual function "cv::detail::FeaturesMatcher::match" is only partially overridden in class "cv::detail::BestOf2NearestMatcher"
    class  BestOf2NearestMatcher : public FeaturesMatcher
           ^
  
C:\opencv\build\include\opencv2/stitching/detail/matchers.hpp(236): warning #611-D: overloaded virtual function "cv::detail::FeaturesMatcher::match" is only partially overridden in class "cv::detail::AffineBestOf2NearestMatcher"
    class  AffineBestOf2NearestMatcher : public BestOf2NearestMatcher
           ^
  
C:\opencv\build\include\opencv2/stitching/detail/blenders.hpp(100): warning #611-D: overloaded virtual function "cv::detail::Blender::prepare" is only partially overridden in class "cv::detail::FeatherBlender"
    class  FeatherBlender : public Blender
           ^
  
C:\opencv\build\include\opencv2/stitching/detail/blenders.hpp(127): warning #611-D: overloaded virtual function "cv::detail::Blender::prepare" is only partially overridden in class "cv::detail::MultiBandBlender"
    class  MultiBandBlender : public Blender
           ^
  
C:\Users\jarom\Desktop\parallel_processing\cuda_project\cuda_project\kernel.cu(24): warning #177-D: variable "cudaStatus" was declared but never referenced
        cudaError_t cudaStatus;
                    ^
  
C:\Users\jarom\Desktop\parallel_processing\cuda_project\cuda_project\kernel.cu(281): warning #177-D: variable "a" was declared but never referenced
        const int a[arraySize] = { 1, 2, 3, 4, 5 };
                  ^
  
C:\Users\jarom\Desktop\parallel_processing\cuda_project\cuda_project\kernel.cu(282): warning #177-D: variable "b" was declared but never referenced
        const int b[arraySize] = { 10, 20, 30, 40, 50 };
                  ^
  
  kernel.cu
  tmpxft_000055bc_00000000-7_kernel.cudafe1.cpp
C:\Users\jarom\Desktop\parallel_processing\cuda_project\cuda_project\kernel.cu(242): warning C4477: 'printf' : format string '%f' requires an argument of type 'double', but variadic argument 1 has type 'std::chrono::duration<double,std::ratio<1,1>>'
     Creating library C:\Users\jarom\Desktop\parallel_processing\cuda_project\x64\Debug\cuda_project.lib and object C:\Users\jarom\Desktop\parallel_processing\cuda_project\x64\Debug\cuda_project.exp
LINK : warning LNK4098: defaultlib 'LIBCMT' conflicts with use of other libs; use /NODEFAULTLIB:library
kernel.cu.obj : error LNK2019: unresolved external symbol "void __cdecl cv::randu(class cv::debug_build_guard::_InputOutputArray const &,class cv::debug_build_guard::_InputArray const &,class cv::debug_build_guard::_InputArray const &)" (?randu@cv@@YAXAEBV_InputOutputArray@debug_build_guard@1@AEBV_InputArray@31@1@Z) referenced in function "class cv::Mat __cdecl generate_random_image(int,int)" (?generate_random_image@@YA?AVMat@cv@@HH@Z)
kernel.cu.obj : error LNK2019: unresolved external symbol "double __cdecl cv::threshold(class cv::debug_build_guard::_InputArray const &,class cv::debug_build_guard::_OutputArray const &,double,double,int)" (?threshold@cv@@YANAEBV_InputArray@debug_build_guard@1@AEBV_OutputArray@31@NNH@Z) referenced in function "class cv::Mat __cdecl generate_random_image(int,int)" (?generate_random_image@@YA?AVMat@cv@@HH@Z)
C:\Users\jarom\Desktop\parallel_processing\cuda_project\x64\Debug\cuda_project.exe : fatal error LNK1120: 2 unresolved externals
